<?xml version="1.0" encoding="UTF-8"?>
<testng-results ignored="0" total="4" passed="4" failed="0" skipped="0">
  <reporter-output>
  </reporter-output>
  <suite started-at="2019-04-20T14:24:17Z" name="testpackage" finished-at="2019-04-20T14:24:54Z" duration-ms="37012">
    <groups>
    </groups>
    <test started-at="2019-04-20T14:24:17Z" name="testngTest" finished-at="2019-04-20T14:24:54Z" duration-ms="37012">
      <class name="testpackage.TestChaiPaniScreens">
        <test-method is-config="true" signature="setUp()[pri:0, instance:testpackage.TestChaiPaniScreens@6580cfdd]" started-at="2019-04-20T14:24:17Z" name="setUp" finished-at="2019-04-20T14:24:20Z" duration-ms="3120" status="PASS">
          <reporter-output>
          </reporter-output>
        </test-method> <!-- setUp -->
        <test-method is-config="true" signature="setUp()[pri:0, instance:testpackage.TestChaiPaniScreens@6580cfdd]" started-at="2019-04-20T14:24:20Z" name="setUp" finished-at="2019-04-20T14:24:22Z" duration-ms="2253" status="PASS">
          <reporter-output>
          </reporter-output>
        </test-method> <!-- setUp -->
        <test-method signature="testRegisterCustomer()[pri:1, instance:testpackage.TestChaiPaniScreens@6580cfdd]" started-at="2019-04-20T14:24:22Z" name="testRegisterCustomer" finished-at="2019-04-20T14:24:30Z" duration-ms="7838" status="PASS">
          <reporter-output>
          </reporter-output>
        </test-method> <!-- testRegisterCustomer -->
        <test-method is-config="true" signature="tearDown()[pri:0, instance:testpackage.TestChaiPaniScreens@6580cfdd]" started-at="2019-04-20T14:24:30Z" name="tearDown" finished-at="2019-04-20T14:24:31Z" duration-ms="899" status="PASS">
          <reporter-output>
          </reporter-output>
        </test-method> <!-- tearDown -->
        <test-method is-config="true" signature="setUp()[pri:0, instance:testpackage.TestChaiPaniScreens@6580cfdd]" started-at="2019-04-20T14:24:31Z" name="setUp" finished-at="2019-04-20T14:24:33Z" duration-ms="2237" status="PASS">
          <reporter-output>
          </reporter-output>
        </test-method> <!-- setUp -->
        <test-method signature="testLoginCustomer()[pri:2, instance:testpackage.TestChaiPaniScreens@6580cfdd]" started-at="2019-04-20T14:24:33Z" name="testLoginCustomer" finished-at="2019-04-20T14:24:40Z" duration-ms="7002" status="PASS">
          <reporter-output>
          </reporter-output>
        </test-method> <!-- testLoginCustomer -->
        <test-method is-config="true" signature="tearDown()[pri:0, instance:testpackage.TestChaiPaniScreens@6580cfdd]" started-at="2019-04-20T14:24:40Z" name="tearDown" finished-at="2019-04-20T14:24:41Z" duration-ms="827" status="PASS">
          <reporter-output>
          </reporter-output>
        </test-method> <!-- tearDown -->
        <test-method is-config="true" signature="setUp()[pri:0, instance:testpackage.TestChaiPaniScreens@6580cfdd]" started-at="2019-04-20T14:24:41Z" name="setUp" finished-at="2019-04-20T14:24:43Z" duration-ms="2234" status="PASS">
          <reporter-output>
          </reporter-output>
        </test-method> <!-- setUp -->
        <test-method signature="testaddCategory()[pri:3, instance:testpackage.TestChaiPaniScreens@6580cfdd]" started-at="2019-04-20T14:24:43Z" name="testaddCategory" finished-at="2019-04-20T14:24:50Z" duration-ms="6702" status="PASS">
          <reporter-output>
          </reporter-output>
        </test-method> <!-- testaddCategory -->
        <test-method is-config="true" signature="tearDown()[pri:0, instance:testpackage.TestChaiPaniScreens@6580cfdd]" started-at="2019-04-20T14:24:50Z" name="tearDown" finished-at="2019-04-20T14:24:51Z" duration-ms="776" status="PASS">
          <reporter-output>
          </reporter-output>
        </test-method> <!-- tearDown -->
        <test-method is-config="true" signature="setUp()[pri:0, instance:testpackage.TestChaiPaniScreens@6580cfdd]" started-at="2019-04-20T14:24:51Z" name="setUp" finished-at="2019-04-20T14:24:53Z" duration-ms="2293" status="PASS">
          <reporter-output>
          </reporter-output>
        </test-method> <!-- setUp -->
        <test-method is-config="true" signature="tearDown()[pri:0, instance:testpackage.TestChaiPaniScreens@6580cfdd]" started-at="2019-04-20T14:24:53Z" name="tearDown" finished-at="2019-04-20T14:24:54Z" duration-ms="815" status="PASS">
          <reporter-output>
          </reporter-output>
        </test-method> <!-- tearDown -->
        <test-method signature="testConfig()[pri:4, instance:testpackage.TestChaiPaniScreens@6580cfdd]" started-at="2019-04-20T14:24:53Z" name="testConfig" finished-at="2019-04-20T14:24:53Z" duration-ms="0" status="PASS">
          <reporter-output>
          </reporter-output>
        </test-method> <!-- testConfig -->
        <test-method is-config="true" signature="tearDown()[pri:0, instance:testpackage.TestChaiPaniScreens@6580cfdd]" started-at="2019-04-20T14:24:54Z" name="tearDown" finished-at="2019-04-20T14:24:54Z" duration-ms="0" status="PASS">
          <reporter-output>
          </reporter-output>
        </test-method> <!-- tearDown -->
      </class> <!-- testpackage.TestChaiPaniScreens -->
    </test> <!-- testngTest -->
  </suite> <!-- testpackage -->
</testng-results>
