<?xml version="1.0" encoding="UTF-8"?>
<!-- Generated by org.testng.reporters.JUnitXMLReporter -->
<testsuite ignored="0" hostname="LAPTOP-IBLEGI2E" failures="0" tests="4" name="testngTest" time="37.012" errors="0" timestamp="20 Apr 2019 14:24:54 GMT">
  <testcase classname="testpackage.TestChaiPaniScreens" name="testRegisterCustomer" time="7.838"/>
  <testcase classname="testpackage.TestChaiPaniScreens" name="testLoginCustomer" time="7.002"/>
  <testcase classname="testpackage.TestChaiPaniScreens" name="testaddCategory" time="6.702"/>
  <testcase classname="testpackage.TestChaiPaniScreens" name="testConfig" time="0.0"/>
</testsuite> <!-- testngTest -->
